8/1/2017 2:12:07 PM	This log contains information about the import schema operation into project 'TaskBoard.DB' on computer 'PIA3232' by user 'nikhil.ks'.
8/1/2017 2:12:07 PM	Import of database schema has started.
8/1/2017 2:12:11 PM	Gathering database options
8/1/2017 2:12:11 PM	Gathering users
8/1/2017 2:12:11 PM	Gathering roles
8/1/2017 2:12:11 PM	Gathering application roles
8/1/2017 2:12:11 PM	Gathering role memberships
8/1/2017 2:12:11 PM	Gathering filegroups
8/1/2017 2:12:11 PM	Gathering full-text catalogs
8/1/2017 2:12:11 PM	Gathering assemblies
8/1/2017 2:12:11 PM	Gathering certificates
8/1/2017 2:12:11 PM	Gathering asymmetric keys
8/1/2017 2:12:11 PM	Gathering symmetric keys
8/1/2017 2:12:11 PM	Gathering encrypted symmetric keys
8/1/2017 2:12:11 PM	Gathering schemas
8/1/2017 2:12:17 PM	Gathering XML schema collections
8/1/2017 2:12:17 PM	Gathering user-defined data types
8/1/2017 2:12:17 PM	Gathering user-defined types
8/1/2017 2:12:17 PM	Gathering table types
8/1/2017 2:12:17 PM	Gathering unique keys for table types
8/1/2017 2:12:17 PM	Gathering primary keys for table types
8/1/2017 2:12:17 PM	Gathering check constraints for table types
8/1/2017 2:12:17 PM	Gathering default constraints for table types
8/1/2017 2:12:17 PM	Gathering partition functions
8/1/2017 2:12:17 PM	Gathering partition schemes
8/1/2017 2:12:17 PM	Gathering functions
8/1/2017 2:12:17 PM	Gathering encrypted functions
8/1/2017 2:12:17 PM	Gathering aggregates
8/1/2017 2:12:17 PM	Gathering procedures
8/1/2017 2:12:17 PM	Gathering encrypted procedures
8/1/2017 2:12:17 PM	Gathering tables
8/1/2017 2:12:17 PM	Gathering primary keys
8/1/2017 2:12:17 PM	Gathering unique constraints
8/1/2017 2:12:17 PM	Gathering foreign keys
8/1/2017 2:12:17 PM	Gathering default constraints
8/1/2017 2:12:17 PM	Gathering check constraints
8/1/2017 2:12:17 PM	Gathering views
8/1/2017 2:12:17 PM	Gathering encrypted views
8/1/2017 2:12:17 PM	Gathering indexes
8/1/2017 2:12:17 PM	Gathering statistics
8/1/2017 2:12:17 PM	Gathering full-text index stoplists
8/1/2017 2:12:17 PM	Gathering search property lists
8/1/2017 2:12:17 PM	Gathering search properties
8/1/2017 2:12:17 PM	Gathering full-text indexes
8/1/2017 2:12:17 PM	Gathering column store indexes
8/1/2017 2:12:17 PM	Gathering spatial indexes
8/1/2017 2:12:17 PM	Gathering XML indexes
8/1/2017 2:12:17 PM	Gathering encrypted triggers
8/1/2017 2:12:17 PM	Gathering triggers
8/1/2017 2:12:17 PM	Gathering encrypted and clr ddl triggers
8/1/2017 2:12:17 PM	Gathering ddl triggers
8/1/2017 2:12:17 PM	Gathering synonyms
8/1/2017 2:12:17 PM	Gathering defaults
8/1/2017 2:12:17 PM	Gathering data constraint uddt bindings
8/1/2017 2:12:17 PM	Gathering rules
8/1/2017 2:12:17 PM	Gathering data constraint uddt bindings
8/1/2017 2:12:17 PM	Gathering message types
8/1/2017 2:12:17 PM	Gathering queues
8/1/2017 2:12:17 PM	Gathering contracts
8/1/2017 2:12:17 PM	Gathering services
8/1/2017 2:12:17 PM	Gathering event notifications
8/1/2017 2:12:17 PM	Gathering remote service bindings
8/1/2017 2:12:17 PM	Gathering broker priorities
8/1/2017 2:12:17 PM	Gathering signatures
8/1/2017 2:12:17 PM	Gathering data compression options
8/1/2017 2:12:17 PM	Gathering sequence types
8/1/2017 2:12:17 PM	Gathering extended properties
8/1/2017 2:12:17 PM	Gathering credentials
8/1/2017 2:12:17 PM	Gathering logins
8/1/2017 2:12:17 PM	Gathering server audits
8/1/2017 2:12:17 PM	Finished importing database.
8/1/2017 2:12:17 PM	A summary of the import was saved to the following location: D:\RandD\TaskBoard\TaskBoard.DB\Import Schema Logs\TaskBoard.DB_20170801084207.log
8/1/2017 2:12:17 PM	Click Finish to continue...
